data_width: 32
reporting test length for functions:
function id:  1 	test length: 9
function id:  2 	test length: 8
function id:  3 	test length: 14
function id:  4 	test length: 10
function id:  5 	test length: 8
function id:  6 	test length: 7
function id:  7 	test length: 12
function id:  8 	test length: 8
function id:  9 	test length: 11
function id:  10 	test length: 8
-----------------------------------------------------
function pair 		                                                                                                        usefull patterns 	test length
------------- 		                                                                                                        ---------------- 	----------------
         1_2 	                                                                                                                      [] 	         0
         1_3 	                                                                                                       [75, 412, 252, 1] 	         4
         1_4 	                                                                                                  [75, 412, 252, 1, 722] 	         5
         1_5 	                                                                                                  [75, 412, 252, 1, 722] 	         5
         1_6 	                                                                                                  [75, 412, 252, 1, 722] 	         5
         1_7 	                                                                                              [75, 412, 252, 1, 722, 13] 	         6
         1_8 	                                                                                              [75, 412, 252, 1, 722, 13] 	         6
         1_9 	                                                                                              [75, 412, 252, 1, 722, 13] 	         6
         1_10 	                                                                                 [75, 412, 252, 1, 722, 13, 893, 126, 8] 	         9
------------------------------------------------------------------------------------------------------------------------
         2_1 	                                                                                                              [990, 301] 	         2
         2_3 	                                                                                                         [990, 301, 289] 	         3
         2_4 	                                                                                                      [990, 301, 289, 3] 	         4
         2_5 	                                                                                                      [990, 301, 289, 3] 	         4
         2_6 	                                                                                                      [990, 301, 289, 3] 	         4
         2_7 	                                                                                                      [990, 301, 289, 3] 	         4
         2_8 	                                                                                                [990, 301, 289, 3, 1391] 	         5
         2_9 	                                                                                                [990, 301, 289, 3, 1391] 	         5
         2_10 	                                                                                    [990, 301, 289, 3, 1391, 122, 30, 4] 	         8
------------------------------------------------------------------------------------------------------------------------
         3_1 	                                                                                                      [544, 884, 498, 5] 	         4
         3_2 	                                                                                                      [544, 884, 498, 5] 	         4
         3_4 	                                                                                              [544, 884, 498, 5, 673, 1] 	         6
         3_5 	                                                                                           [544, 884, 498, 5, 673, 1, 4] 	         7
         3_6 	                                                                                        [544, 884, 498, 5, 673, 1, 4, 2] 	         8
         3_7 	                                                                                        [544, 884, 498, 5, 673, 1, 4, 2] 	         8
         3_8 	                                                                      [544, 884, 498, 5, 673, 1, 4, 2, 210, 431, 11, 29] 	        12
         3_9 	                                                                      [544, 884, 498, 5, 673, 1, 4, 2, 210, 431, 11, 29] 	        12
         3_10 	                                                            [544, 884, 498, 5, 673, 1, 4, 2, 210, 431, 11, 29, 129, 198] 	        14
------------------------------------------------------------------------------------------------------------------------
         4_1 	                                                                                                         [487, 282, 472] 	         3
         4_2 	                                                                                                         [487, 282, 472] 	         3
         4_3 	                                                                                                     [487, 282, 472, 10] 	         4
         4_5 	                                                                                                     [487, 282, 472, 10] 	         4
         4_6 	                                                                                                     [487, 282, 472, 10] 	         4
         4_7 	                                                                                                     [487, 282, 472, 10] 	         4
         4_8 	                                                                                           [487, 282, 472, 10, 552, 997] 	         6
         4_9 	                                                                                       [487, 282, 472, 10, 552, 997, 93] 	         7
         4_10 	                                                                         [487, 282, 472, 10, 552, 997, 93, 61, 320, 691] 	        10
------------------------------------------------------------------------------------------------------------------------
         5_1 	                                                                                                              [351, 894] 	         2
         5_2 	                                                                                                              [351, 894] 	         2
         5_3 	                                                                                                     [351, 894, 1332, 1] 	         4
         5_4 	                                                                                                  [351, 894, 1332, 1, 2] 	         5
         5_6 	                                                                                                  [351, 894, 1332, 1, 2] 	         5
         5_7 	                                                                                                  [351, 894, 1332, 1, 2] 	         5
         5_8 	                                                                                            [351, 894, 1332, 1, 2, 1209] 	         6
         5_9 	                                                                                            [351, 894, 1332, 1, 2, 1209] 	         6
         5_10 	                                                                                    [351, 894, 1332, 1, 2, 1209, 39, 37] 	         8
------------------------------------------------------------------------------------------------------------------------
         6_1 	                                                                                                              [990, 301] 	         2
         6_2 	                                                                                                              [990, 301] 	         2
         6_3 	                                                                                                         [990, 301, 289] 	         3
         6_4 	                                                                                                      [990, 301, 289, 3] 	         4
         6_5 	                                                                                                      [990, 301, 289, 3] 	         4
         6_7 	                                                                                                      [990, 301, 289, 3] 	         4
         6_8 	                                                                                                [990, 301, 289, 3, 1391] 	         5
         6_9 	                                                                                                [990, 301, 289, 3, 1391] 	         5
         6_10 	                                                                                      [990, 301, 289, 3, 1391, 677, 239] 	         7
------------------------------------------------------------------------------------------------------------------------
         7_1 	                                                                                                                      [] 	         0
         7_2 	                                                                                                                      [] 	         0
         7_3 	                                                                                            [493, 556, 66, 714, 198, 24] 	         6
         7_4 	                                                                               [493, 556, 66, 714, 198, 24, 77, 97, 122] 	         9
         7_5 	                                                                               [493, 556, 66, 714, 198, 24, 77, 97, 122] 	         9
         7_6 	                                                                               [493, 556, 66, 714, 198, 24, 77, 97, 122] 	         9
         7_8 	                                                                               [493, 556, 66, 714, 198, 24, 77, 97, 122] 	         9
         7_9 	                                                                               [493, 556, 66, 714, 198, 24, 77, 97, 122] 	         9
         7_10 	                                                                [493, 556, 66, 714, 198, 24, 77, 97, 122, 1270, 314, 37] 	        12
------------------------------------------------------------------------------------------------------------------------
         8_1 	                                                                                                         [204, 663, 622] 	         3
         8_2 	                                                                                                         [204, 663, 622] 	         3
         8_3 	                                                                                                 [204, 663, 622, 176, 6] 	         5
         8_4 	                                                                                              [204, 663, 622, 176, 6, 1] 	         6
         8_5 	                                                                                              [204, 663, 622, 176, 6, 1] 	         6
         8_6 	                                                                                              [204, 663, 622, 176, 6, 1] 	         6
         8_7 	                                                                                              [204, 663, 622, 176, 6, 1] 	         6
         8_9 	                                                                                              [204, 663, 622, 176, 6, 1] 	         6
         8_10 	                                                                                     [204, 663, 622, 176, 6, 1, 222, 61] 	         8
------------------------------------------------------------------------------------------------------------------------
         9_1 	                                                                                                     [1231, 172, 32, 15] 	         4
         9_2 	                                                                                                     [1231, 172, 32, 15] 	         4
         9_3 	                                                                                                 [1231, 172, 32, 15, 68] 	         5
         9_4 	                                                                                        [1231, 172, 32, 15, 68, 1192, 7] 	         7
         9_5 	                                                                                     [1231, 172, 32, 15, 68, 1192, 7, 4] 	         8
         9_6 	                                                                                     [1231, 172, 32, 15, 68, 1192, 7, 4] 	         8
         9_7 	                                                                                     [1231, 172, 32, 15, 68, 1192, 7, 4] 	         8
         9_8 	                                                                                     [1231, 172, 32, 15, 68, 1192, 7, 4] 	         8
         9_10 	                                                                        [1231, 172, 32, 15, 68, 1192, 7, 4, 278, 417, 3] 	        11
------------------------------------------------------------------------------------------------------------------------
        10_1 	                                                                                                              [990, 328] 	         2
        10_2 	                                                                                                              [990, 328] 	         2
        10_3 	                                                                                                     [990, 328, 1174, 2] 	         4
        10_4 	                                                                                                 [990, 328, 1174, 2, 41] 	         5
        10_5 	                                                                                                 [990, 328, 1174, 2, 41] 	         5
        10_6 	                                                                                                 [990, 328, 1174, 2, 41] 	         5
        10_7 	                                                                                                 [990, 328, 1174, 2, 41] 	         5
        10_8 	                                                                                         [990, 328, 1174, 2, 41, 404, 6] 	         7
        10_9 	                                                                                      [990, 328, 1174, 2, 41, 404, 6, 1] 	         8
------------------------------------------------------------------------------------------------------------------------
overal test length: 95
------------------------------------------------------------------------------------------------------------------------------
|                                                                                                                            |
|                                                         RESULTS                                                            |
|                                                                                                                            |
------------------------------------------------------------------------------------------------------------------------------
final list of patterns used in the experiment:
number of patterns used: 75
[1, 2, 3, 4, 5, 6, 7, 8, 10, 11, 13, 15, 24, 29, 30, 32, 37, 39, 41, 61, 66, 68, 75, 77, 93, 97, 122, 126, 129, 172, 176, 198, 204, 210, 222, 239, 252, 278, 282, 289, 301, 314, 320, 328, 351, 404, 412, 417, 431, 472, 487, 493, 498, 544, 552, 556, 622, 663, 673, 677, 691, 714, 722, 884, 893, 894, 990, 997, 1174, 1192, 1209, 1231, 1270, 1332, 1391]
------------------------------------------------------------------------------------------------------------------------------
|                                                      FAULT COVERAGE                                                        |
------------------------------------------------------------------------------------------------------------------------------
number of patterns: 1500
number of faults covered: 1889
number of faults not covered: 17
NOTE: fault coverage =  (number of faults covered)/(number of faults covered + number of faults not covered)
fault coverage : 99.11 %
------------------------------------------------------------------------------------------------------------------------------
program took  2.92062497139 seconds
